# JRE version: Java(TM) SE Runtime Environment (8.0_45-b14) (build 1.8.0_45-b14)
# Java VM: Java HotSpot(TM) 64-Bit Server VM (25.45-b02 mixed mode bsd-amd64 compressed oops)
Heap:
 PSYoungGen      total 204288K, used 188928K [0x00000007aab00000, 0x00000007ba100000, 0x00000007c0000000)
  eden space 188928K, 100% used [0x00000007aab00000,0x00000007b6380000,0x00000007b6380000)
  from space 15360K, 0% used [0x00000007b7980000,0x00000007b7980000,0x00000007b8880000)
  to   space 22528K, 58% used [0x00000007b6380000,0x00000007b7045e98,0x00000007b7980000)
 ParOldGen       total 89600K, used 39397K [0x0000000780000000, 0x0000000785780000, 0x00000007aab00000)
  object space 89600K, 43% used [0x0000000780000000,0x0000000782679460,0x0000000785780000)
 Metaspace       used 43913K, capacity 45014K, committed 45440K, reserved 1089536K
  class space    used 5320K, capacity 5660K, committed 5760K, reserved 1048576K
GC Heap History (10 events):
Event: 4.818 GC heap after
Heap after GC invocations=6 (full 0):
 PSYoungGen      total 142336K, used 3376K [0x00000007aab00000, 0x00000007b4100000, 0x00000007c0000000)
  eden space 131072K, 0% used [0x00000007aab00000,0x00000007aab00000,0x00000007b2b00000)
  from space 11264K, 29% used [0x00000007b3600000,0x00000007b394c010,0x00000007b4100000)
  to   space 11264K, 0% used [0x00000007b2b00000,0x00000007b2b00000,0x00000007b3600000)
 ParOldGen       total 44032K, used 16131K [0x0000000780000000, 0x0000000782b00000, 0x00000007aab00000)
  object space 44032K, 36% used [0x0000000780000000,0x0000000780fc0eb8,0x0000000782b00000)
 Metaspace       used 20409K, capacity 21068K, committed 21296K, reserved 1069056K
  class space    used 2479K, capacity 2667K, committed 2688K, reserved 1048576K
}
Event: 4.818 GC heap before
{Heap before GC invocations=7 (full 1):
 PSYoungGen      total 142336K, used 3376K [0x00000007aab00000, 0x00000007b4100000, 0x00000007c0000000)
  eden space 131072K, 0% used [0x00000007aab00000,0x00000007aab00000,0x00000007b2b00000)
  from space 11264K, 29% used [0x00000007b3600000,0x00000007b394c010,0x00000007b4100000)
  to   space 11264K, 0% used [0x00000007b2b00000,0x00000007b2b00000,0x00000007b3600000)
 ParOldGen       total 44032K, used 16131K [0x0000000780000000, 0x0000000782b00000, 0x00000007aab00000)
  object space 44032K, 36% used [0x0000000780000000,0x0000000780fc0eb8,0x0000000782b00000)
 Metaspace       used 20409K, capacity 21068K, committed 21296K, reserved 1069056K
  class space    used 2479K, capacity 2667K, committed 2688K, reserved 1048576K
Event: 4.907 GC heap after
Heap after GC invocations=7 (full 1):
 PSYoungGen      total 142336K, used 0K [0x00000007aab00000, 0x00000007b4100000, 0x00000007c0000000)
  eden space 131072K, 0% used [0x00000007aab00000,0x00000007aab00000,0x00000007b2b00000)
  from space 11264K, 0% used [0x00000007b3600000,0x00000007b3600000,0x00000007b4100000)
  to   space 11264K, 0% used [0x00000007b2b00000,0x00000007b2b00000,0x00000007b3600000)
 ParOldGen       total 47616K, used 14147K [0x0000000780000000, 0x0000000782e80000, 0x00000007aab00000)
  object space 47616K, 29% used [0x0000000780000000,0x0000000780dd0fc0,0x0000000782e80000)
 Metaspace       used 20409K, capacity 21068K, committed 21296K, reserved 1069056K
  class space    used 2479K, capacity 2667K, committed 2688K, reserved 1048576K
}
Event: 7.640 GC heap before
{Heap before GC invocations=8 (full 1):
 PSYoungGen      total 142336K, used 131072K [0x00000007aab00000, 0x00000007b4100000, 0x00000007c0000000)
  eden space 131072K, 100% used [0x00000007aab00000,0x00000007b2b00000,0x00000007b2b00000)
  from space 11264K, 0% used [0x00000007b3600000,0x00000007b3600000,0x00000007b4100000)
  to   space 11264K, 0% used [0x00000007b2b00000,0x00000007b2b00000,0x00000007b3600000)
 ParOldGen       total 47616K, used 14147K [0x0000000780000000, 0x0000000782e80000, 0x00000007aab00000)
  object space 47616K, 29% used [0x0000000780000000,0x0000000780dd0fc0,0x0000000782e80000)
 Metaspace       used 29836K, capacity 30698K, committed 31104K, reserved 1077248K
  class space    used 3618K, capacity 3888K, committed 3968K, reserved 1048576K
Event: 7.685 GC heap after
Heap after GC invocations=8 (full 1):
 PSYoungGen      total 142336K, used 11240K [0x00000007aab00000, 0x00000007b8880000, 0x00000007c0000000)
  eden space 131072K, 0% used [0x00000007aab00000,0x00000007aab00000,0x00000007b2b00000)
  from space 11264K, 99% used [0x00000007b2b00000,0x00000007b35fa3d8,0x00000007b3600000)
  to   space 15360K, 0% used [0x00000007b7980000,0x00000007b7980000,0x00000007b8880000)
 ParOldGen       total 47616K, used 18185K [0x0000000780000000, 0x0000000782e80000, 0x00000007aab00000)
  object space 47616K, 38% used [0x0000000780000000,0x00000007811c27b8,0x0000000782e80000)
 Metaspace       used 29836K, capacity 30698K, committed 31104K, reserved 1077248K
  class space    used 3618K, capacity 3888K, committed 3968K, reserved 1048576K
}
Event: 9.181 GC heap before
{Heap before GC invocations=9 (full 1):
 PSYoungGen      total 142336K, used 121163K [0x00000007aab00000, 0x00000007b8880000, 0x00000007c0000000)
  eden space 131072K, 83% used [0x00000007aab00000,0x00000007b1658a58,0x00000007b2b00000)
  from space 11264K, 99% used [0x00000007b2b00000,0x00000007b35fa3d8,0x00000007b3600000)
  to   space 15360K, 0% used [0x00000007b7980000,0x00000007b7980000,0x00000007b8880000)
 ParOldGen       total 47616K, used 18185K [0x0000000780000000, 0x0000000782e80000, 0x00000007aab00000)
  object space 47616K, 38% used [0x0000000780000000,0x00000007811c27b8,0x0000000782e80000)
 Metaspace       used 34430K, capacity 35286K, committed 35456K, reserved 1081344K
  class space    used 4170K, capacity 4440K, committed 4480K, reserved 1048576K
Event: 9.252 GC heap after
Heap after GC invocations=9 (full 1):
 PSYoungGen      total 204288K, used 15343K [0x00000007aab00000, 0x00000007ba100000, 0x00000007c0000000)
  eden space 188928K, 0% used [0x00000007aab00000,0x00000007aab00000,0x00000007b6380000)
  from space 15360K, 99% used [0x00000007b7980000,0x00000007b887bed0,0x00000007b8880000)
  to   space 22528K, 0% used [0x00000007b6380000,0x00000007b6380000,0x00000007b7980000)
 ParOldGen       total 47616K, used 28448K [0x0000000780000000, 0x0000000782e80000, 0x00000007aab00000)
  object space 47616K, 59% used [0x0000000780000000,0x0000000781bc8250,0x0000000782e80000)
 Metaspace       used 34430K, capacity 35286K, committed 35456K, reserved 1081344K
  class space    used 4170K, capacity 4440K, committed 4480K, reserved 1048576K
}
Event: 9.252 GC heap before
{Heap before GC invocations=10 (full 2):
 PSYoungGen      total 204288K, used 15343K [0x00000007aab00000, 0x00000007ba100000, 0x00000007c0000000)
  eden space 188928K, 0% used [0x00000007aab00000,0x00000007aab00000,0x00000007b6380000)
  from space 15360K, 99% used [0x00000007b7980000,0x00000007b887bed0,0x00000007b8880000)
  to   space 22528K, 0% used [0x00000007b6380000,0x00000007b6380000,0x00000007b7980000)
 ParOldGen       total 47616K, used 28448K [0x0000000780000000, 0x0000000782e80000, 0x00000007aab00000)
  object space 47616K, 59% used [0x0000000780000000,0x0000000781bc8250,0x0000000782e80000)
 Metaspace       used 34430K, capacity 35286K, committed 35456K, reserved 1081344K
  class space    used 4170K, capacity 4440K, committed 4480K, reserved 1048576K
Event: 9.465 GC heap after
Heap after GC invocations=10 (full 2):
 PSYoungGen      total 204288K, used 0K [0x00000007aab00000, 0x00000007ba100000, 0x00000007c0000000)
  eden space 188928K, 0% used [0x00000007aab00000,0x00000007aab00000,0x00000007b6380000)
  from space 15360K, 0% used [0x00000007b7980000,0x00000007b7980000,0x00000007b8880000)
  to   space 22528K, 0% used [0x00000007b6380000,0x00000007b6380000,0x00000007b7980000)
 ParOldGen       total 89600K, used 39389K [0x0000000780000000, 0x0000000785780000, 0x00000007aab00000)
  object space 89600K, 43% used [0x0000000780000000,0x0000000782677460,0x0000000785780000)
 Metaspace       used 34430K, capacity 35286K, committed 35456K, reserved 1081344K
  class space    used 4170K, capacity 4440K, committed 4480K, reserved 1048576K
}
Event: 14.076 GC heap before
{Heap before GC invocations=11 (full 2):
 PSYoungGen      total 204288K, used 188928K [0x00000007aab00000, 0x00000007ba100000, 0x00000007c0000000)
  eden space 188928K, 100% used [0x00000007aab00000,0x00000007b6380000,0x00000007b6380000)
  from space 15360K, 0% used [0x00000007b7980000,0x00000007b7980000,0x00000007b8880000)
  to   space 22528K, 0% used [0x00000007b6380000,0x00000007b6380000,0x00000007b7980000)
 ParOldGen       total 89600K, used 39389K [0x0000000780000000, 0x0000000785780000, 0x00000007aab00000)
  object space 89600K, 43% used [0x0000000780000000,0x0000000782677460,0x0000000785780000)
 Metaspace       used 43913K, capacity 45014K, committed 45440K, reserved 1089536K
  class space    used 5320K, capacity 5660K, committed 5760K, reserved 1048576K

